<?xml version="1.0" encoding="UTF-8"?>
<testng-results skipped="0" failed="1" total="1" passed="0">
  <reporter-output>
  </reporter-output>
  <suite name="Suite" duration-ms="282600" started-at="2017-08-30T18:21:24Z" finished-at="2017-08-30T18:26:07Z">
    <groups>
    </groups>
    <test name="Mobile Test" duration-ms="282600" started-at="2017-08-30T18:21:24Z" finished-at="2017-08-30T18:26:07Z">
      <class name="com.ctli.it.mobiletestcase.Ghost_MobileScenario">
        <test-method status="PASS" signature="initialSetUp()[pri:0, instance:com.ctli.it.mobiletestcase.Ghost_MobileScenario@33c7e1bb]" name="initialSetUp" is-config="true" duration-ms="18350" started-at="2017-08-30T23:51:06Z" finished-at="2017-08-30T23:51:24Z">
          <reporter-output>
          </reporter-output>
        </test-method> <!-- initialSetUp -->
        <test-method status="PASS" signature="launchApp(java.lang.reflect.Method, org.testng.xml.XmlTest)[pri:0, instance:com.ctli.it.mobiletestcase.Ghost_MobileScenario@33c7e1bb]" name="launchApp" is-config="true" duration-ms="43377" started-at="2017-08-30T23:51:24Z" finished-at="2017-08-30T23:52:07Z">
          <params>
            <param index="0">
              <value>
                <![CDATA[public void com.ctli.it.mobiletestcase.Ghost_MobileScenario.Mobile_Scenario()]]>
              </value>
            </param>
            <param index="1">
              <value>
                <![CDATA[[Test: "Mobile Test" verbose:1[parameters:browser=>appium][metagroups:] [included: ][excluded: ]  classes:[XmlClass class=com.ctli.it.mobiletestcase.Ghost_MobileScenario]  packages:] ]]>
              </value>
            </param>
          </params>
          <reporter-output>
          </reporter-output>
        </test-method> <!-- launchApp -->
        <test-method status="FAIL" signature="Mobile_Scenario()[pri:0, instance:com.ctli.it.mobiletestcase.Ghost_MobileScenario@33c7e1bb]" name="Mobile_Scenario" duration-ms="235173" started-at="2017-08-30T23:52:07Z" finished-at="2017-08-30T23:56:03Z">
          <exception class="java.lang.AssertionError">
            <message>
              <![CDATA[unable to click by java script]]>
            </message>
            <full-stacktrace>
              <![CDATA[java.lang.AssertionError: unable to click by java script
	at org.testng.Assert.fail(Assert.java:94)
	at com.ctli.it.lib.MobileBaseClass.jsClick(MobileBaseClass.java:539)
	at com.ctli.it.mobilepage.Ghost_MobHomepage.completescenario(Ghost_MobHomepage.java:100)
	at com.ctli.it.mobiletestcase.Ghost_MobileScenario.Mobile_Scenario(Ghost_MobileScenario.java:18)
	at sun.reflect.NativeMethodAccessorImpl.invoke0(Native Method)
	at sun.reflect.NativeMethodAccessorImpl.invoke(NativeMethodAccessorImpl.java:62)
	at sun.reflect.DelegatingMethodAccessorImpl.invoke(DelegatingMethodAccessorImpl.java:43)
	at java.lang.reflect.Method.invoke(Method.java:483)
	at org.testng.internal.MethodInvocationHelper.invokeMethod(MethodInvocationHelper.java:80)
	at org.testng.internal.Invoker.invokeMethod(Invoker.java:714)
	at org.testng.internal.Invoker.invokeTestMethod(Invoker.java:901)
	at org.testng.internal.Invoker.invokeTestMethods(Invoker.java:1231)
	at org.testng.internal.TestMethodWorker.invokeTestMethods(TestMethodWorker.java:127)
	at org.testng.internal.TestMethodWorker.run(TestMethodWorker.java:111)
	at java.util.concurrent.ThreadPoolExecutor.runWorker(ThreadPoolExecutor.java:1142)
	at java.util.concurrent.ThreadPoolExecutor$Worker.run(ThreadPoolExecutor.java:617)
	at java.lang.Thread.run(Thread.java:745)
]]>
            </full-stacktrace>
          </exception> <!-- java.lang.AssertionError -->
          <reporter-output>
          </reporter-output>
        </test-method> <!-- Mobile_Scenario -->
        <test-method status="FAIL" signature="closeApp(java.lang.reflect.Method, org.testng.xml.XmlTest, org.testng.ITestResult)[pri:0, instance:com.ctli.it.mobiletestcase.Ghost_MobileScenario@33c7e1bb]" name="closeApp" is-config="true" duration-ms="0" started-at="2017-08-30T23:56:03Z" finished-at="2017-08-30T23:56:03Z">
          <params>
            <param index="0">
              <value>
                <![CDATA[public void com.ctli.it.mobiletestcase.Ghost_MobileScenario.Mobile_Scenario()]]>
              </value>
            </param>
            <param index="1">
              <value>
                <![CDATA[[Test: "Mobile Test" verbose:1[parameters:browser=>appium][metagroups:] [included: ][excluded: ]  classes:[XmlClass class=com.ctli.it.mobiletestcase.Ghost_MobileScenario]  packages:] ]]>
              </value>
            </param>
            <param index="2">
              <value>
                <![CDATA[[TestResult name=Mobile_Scenario status=FAILURE method=Ghost_MobileScenario.Mobile_Scenario()[pri:0, instance:com.ctli.it.mobiletestcase.Ghost_MobileScenario@33c7e1bb] output={null}]]]>
              </value>
            </param>
          </params>
          <exception class="org.openqa.selenium.WebDriverException">
            <message>
              <![CDATA[Not yet implemented. Please help us: http://appium.io/get-involved.html (WARNING: The server did not provide any stacktrace information)
Command duration or timeout: 6 milliseconds
Build info: version: '2.53.1', revision: 'a36b8b1cd5757287168e54b817830adce9b0158d', time: '2016-06-30 19:26:09'
System info: host: 'XIN009OLAB14917', ip: '10.140.2.210', os.name: 'Windows 7', os.arch: 'amd64', os.version: '6.1', java.version: '1.8.0_05'
Driver info: io.appium.java_client.android.AndroidDriver
Capabilities [{applicationCacheEnabled=false, rotatable=false, mobileEmulationEnabled=false, chrome={chromedriverVersion=2.30.477700 (0057494ad8732195794a7b32078424f92a5fce41)}, takesHeapSnapshot=true, pageLoadStrategy=normal, databaseEnabled=false, handlesAlerts=true, hasTouchScreen=true, version=60.0.3112.107, platform=ANDROID, browserConnectionEnabled=false, nativeEvents=true, acceptSslCerts=true, locationContextEnabled=true, webStorageEnabled=true, browserName=chrome, takesScreenshot=true, javascriptEnabled=true, cssSelectorsEnabled=true, unexpectedAlertBehaviour=}]
Session ID: 61e4c012792274402e88240cca35519f]]>
            </message>
            <full-stacktrace>
              <![CDATA[org.openqa.selenium.WebDriverException: Not yet implemented. Please help us: http://appium.io/get-involved.html (WARNING: The server did not provide any stacktrace information)
Command duration or timeout: 6 milliseconds
Build info: version: '2.53.1', revision: 'a36b8b1cd5757287168e54b817830adce9b0158d', time: '2016-06-30 19:26:09'
System info: host: 'XIN009OLAB14917', ip: '10.140.2.210', os.name: 'Windows 7', os.arch: 'amd64', os.version: '6.1', java.version: '1.8.0_05'
Driver info: io.appium.java_client.android.AndroidDriver
Capabilities [{applicationCacheEnabled=false, rotatable=false, mobileEmulationEnabled=false, chrome={chromedriverVersion=2.30.477700 (0057494ad8732195794a7b32078424f92a5fce41)}, takesHeapSnapshot=true, pageLoadStrategy=normal, databaseEnabled=false, handlesAlerts=true, hasTouchScreen=true, version=60.0.3112.107, platform=ANDROID, browserConnectionEnabled=false, nativeEvents=true, acceptSslCerts=true, locationContextEnabled=true, webStorageEnabled=true, browserName=chrome, takesScreenshot=true, javascriptEnabled=true, cssSelectorsEnabled=true, unexpectedAlertBehaviour=}]
Session ID: 61e4c012792274402e88240cca35519f
	at sun.reflect.NativeConstructorAccessorImpl.newInstance0(Native Method)
	at sun.reflect.NativeConstructorAccessorImpl.newInstance(NativeConstructorAccessorImpl.java:62)
	at sun.reflect.DelegatingConstructorAccessorImpl.newInstance(DelegatingConstructorAccessorImpl.java:45)
	at java.lang.reflect.Constructor.newInstance(Constructor.java:408)
	at org.openqa.selenium.remote.ErrorHandler.createThrowable(ErrorHandler.java:206)
	at org.openqa.selenium.remote.ErrorHandler.throwIfResponseFailed(ErrorHandler.java:158)
	at org.openqa.selenium.remote.RemoteWebDriver.execute(RemoteWebDriver.java:678)
	at io.appium.java_client.DefaultGenericMobileDriver.execute(DefaultGenericMobileDriver.java:40)
	at io.appium.java_client.AppiumDriver.execute(AppiumDriver.java:235)
	at org.openqa.selenium.remote.RemoteWebDriver.close(RemoteWebDriver.java:521)
	at com.ctli.it.lib.TestNgInitialization.closeApp(TestNgInitialization.java:150)
	at sun.reflect.NativeMethodAccessorImpl.invoke0(Native Method)
	at sun.reflect.NativeMethodAccessorImpl.invoke(NativeMethodAccessorImpl.java:62)
	at sun.reflect.DelegatingMethodAccessorImpl.invoke(DelegatingMethodAccessorImpl.java:43)
	at java.lang.reflect.Method.invoke(Method.java:483)
	at org.testng.internal.MethodInvocationHelper.invokeMethod(MethodInvocationHelper.java:80)
	at org.testng.internal.Invoker.invokeConfigurationMethod(Invoker.java:564)
	at org.testng.internal.Invoker.invokeConfigurations(Invoker.java:213)
	at org.testng.internal.Invoker.invokeMethod(Invoker.java:786)
	at org.testng.internal.Invoker.invokeTestMethod(Invoker.java:901)
	at org.testng.internal.Invoker.invokeTestMethods(Invoker.java:1231)
	at org.testng.internal.TestMethodWorker.invokeTestMethods(TestMethodWorker.java:127)
	at org.testng.internal.TestMethodWorker.run(TestMethodWorker.java:111)
	at java.util.concurrent.ThreadPoolExecutor.runWorker(ThreadPoolExecutor.java:1142)
	at java.util.concurrent.ThreadPoolExecutor$Worker.run(ThreadPoolExecutor.java:617)
	at java.lang.Thread.run(Thread.java:745)
]]>
            </full-stacktrace>
          </exception> <!-- org.openqa.selenium.WebDriverException -->
          <reporter-output>
          </reporter-output>
        </test-method> <!-- closeApp -->
        <test-method status="SKIP" signature="afterSuite(org.testng.xml.XmlTest)[pri:0, instance:com.ctli.it.mobiletestcase.Ghost_MobileScenario@33c7e1bb]" name="afterSuite" is-config="true" duration-ms="0" started-at="2017-08-30T23:56:07Z" finished-at="2017-08-30T23:56:07Z">
          <reporter-output>
          </reporter-output>
        </test-method> <!-- afterSuite -->
      </class> <!-- com.ctli.it.mobiletestcase.Ghost_MobileScenario -->
    </test> <!-- Mobile Test -->
  </suite> <!-- Suite -->
</testng-results>
